mode: set
github.com/bxcodec/go-clean-arch/login/usecase/login_usecase.go:15.85,20.2 1 1
github.com/bxcodec/go-clean-arch/login/usecase/login_usecase.go:22.111,28.16 4 1
github.com/bxcodec/go-clean-arch/login/usecase/login_usecase.go:32.2,32.17 1 1
github.com/bxcodec/go-clean-arch/login/usecase/login_usecase.go:28.16,30.3 1 1
github.com/bxcodec/go-clean-arch/cat/usecase/cat_usecase.go:16.80,21.2 1 1
github.com/bxcodec/go-clean-arch/cat/usecase/cat_usecase.go:23.85,33.16 7 1
github.com/bxcodec/go-clean-arch/cat/usecase/cat_usecase.go:37.2,37.17 1 1
github.com/bxcodec/go-clean-arch/cat/usecase/cat_usecase.go:33.16,35.3 1 1
github.com/bxcodec/go-clean-arch/cat/usecase/cat_usecase.go:40.82,46.16 4 1
github.com/bxcodec/go-clean-arch/cat/usecase/cat_usecase.go:50.2,50.17 1 1
github.com/bxcodec/go-clean-arch/cat/usecase/cat_usecase.go:46.16,48.3 1 1
github.com/bxcodec/go-clean-arch/cat/usecase/cat_usecase.go:53.147,59.16 4 1
github.com/bxcodec/go-clean-arch/cat/usecase/cat_usecase.go:63.2,63.24 1 1
github.com/bxcodec/go-clean-arch/cat/usecase/cat_usecase.go:59.16,61.3 1 1
github.com/bxcodec/go-clean-arch/cat/usecase/cat_usecase.go:66.97,72.16 4 1
github.com/bxcodec/go-clean-arch/cat/usecase/cat_usecase.go:76.2,76.17 1 1
github.com/bxcodec/go-clean-arch/cat/usecase/cat_usecase.go:72.16,74.3 1 1
github.com/bxcodec/go-clean-arch/user/usecase/user_usecase.go:16.83,21.2 1 1
github.com/bxcodec/go-clean-arch/user/usecase/user_usecase.go:23.89,33.16 7 1
github.com/bxcodec/go-clean-arch/user/usecase/user_usecase.go:37.2,37.17 1 1
github.com/bxcodec/go-clean-arch/user/usecase/user_usecase.go:33.16,35.3 1 1
github.com/bxcodec/go-clean-arch/user/usecase/user_usecase.go:40.85,46.16 4 1
github.com/bxcodec/go-clean-arch/user/usecase/user_usecase.go:50.2,50.17 1 1
github.com/bxcodec/go-clean-arch/user/usecase/user_usecase.go:46.16,48.3 1 1
github.com/bxcodec/go-clean-arch/user/usecase/user_usecase.go:53.150,59.16 4 1
github.com/bxcodec/go-clean-arch/user/usecase/user_usecase.go:63.2,63.24 1 1
github.com/bxcodec/go-clean-arch/user/usecase/user_usecase.go:59.16,61.3 1 1
github.com/bxcodec/go-clean-arch/user/usecase/user_usecase.go:66.101,72.16 4 1
github.com/bxcodec/go-clean-arch/user/usecase/user_usecase.go:76.2,76.17 1 1
github.com/bxcodec/go-clean-arch/user/usecase/user_usecase.go:72.16,74.3 1 1
github.com/bxcodec/go-clean-arch/jwt/usecase/jwt_usecase.go:17.102,23.2 1 1
github.com/bxcodec/go-clean-arch/jwt/usecase/jwt_usecase.go:25.85,31.16 4 0
github.com/bxcodec/go-clean-arch/jwt/usecase/jwt_usecase.go:35.2,35.17 1 0
github.com/bxcodec/go-clean-arch/jwt/usecase/jwt_usecase.go:31.16,33.3 1 0
github.com/bxcodec/go-clean-arch/jwt/usecase/validateAdminJwt.go:12.49,24.2 3 1
github.com/bxcodec/go-clean-arch/jwt/usecase/validateAdminJwt.go:28.79,29.36 1 0
github.com/bxcodec/go-clean-arch/jwt/usecase/validateAdminJwt.go:29.36,33.53 3 0
github.com/bxcodec/go-clean-arch/jwt/usecase/validateAdminJwt.go:41.3,41.66 1 0
github.com/bxcodec/go-clean-arch/jwt/usecase/validateAdminJwt.go:33.53,34.34 1 0
github.com/bxcodec/go-clean-arch/jwt/usecase/validateAdminJwt.go:34.34,36.5 1 0
github.com/bxcodec/go-clean-arch/jwt/usecase/validateAdminJwt.go:36.10,38.5 1 0
github.com/bxcodec/go-clean-arch/jwt/usecase/validateGeneralJwt.go:12.51,23.2 3 0
github.com/bxcodec/go-clean-arch/jwt/usecase/validateGeneralJwt.go:26.81,27.36 1 0
github.com/bxcodec/go-clean-arch/jwt/usecase/validateGeneralJwt.go:27.36,31.53 3 0
github.com/bxcodec/go-clean-arch/jwt/usecase/validateGeneralJwt.go:50.3,50.66 1 0
github.com/bxcodec/go-clean-arch/jwt/usecase/validateGeneralJwt.go:31.53,32.34 1 0
github.com/bxcodec/go-clean-arch/jwt/usecase/validateGeneralJwt.go:47.4,47.18 1 0
github.com/bxcodec/go-clean-arch/jwt/usecase/validateGeneralJwt.go:32.34,34.5 1 0
github.com/bxcodec/go-clean-arch/jwt/usecase/validateGeneralJwt.go:34.10,36.12 2 0
github.com/bxcodec/go-clean-arch/jwt/usecase/validateGeneralJwt.go:39.5,41.19 3 0
github.com/bxcodec/go-clean-arch/jwt/usecase/validateGeneralJwt.go:45.5,45.24 1 0
github.com/bxcodec/go-clean-arch/jwt/usecase/validateGeneralJwt.go:36.12,38.6 1 0
github.com/bxcodec/go-clean-arch/jwt/usecase/validateGeneralJwt.go:41.19,43.6 1 0
github.com/bxcodec/go-clean-arch/jwt/usecase/validateUserJwt.go:13.48,24.2 3 0
github.com/bxcodec/go-clean-arch/jwt/usecase/validateUserJwt.go:26.78,27.36 1 0
github.com/bxcodec/go-clean-arch/jwt/usecase/validateUserJwt.go:27.36,31.53 3 0
github.com/bxcodec/go-clean-arch/jwt/usecase/validateUserJwt.go:48.3,48.66 1 0
github.com/bxcodec/go-clean-arch/jwt/usecase/validateUserJwt.go:31.53,33.11 2 0
github.com/bxcodec/go-clean-arch/jwt/usecase/validateUserJwt.go:37.4,39.18 3 0
github.com/bxcodec/go-clean-arch/jwt/usecase/validateUserJwt.go:43.4,45.18 2 0
github.com/bxcodec/go-clean-arch/jwt/usecase/validateUserJwt.go:33.11,35.5 1 0
github.com/bxcodec/go-clean-arch/jwt/usecase/validateUserJwt.go:39.18,41.5 1 0
github.com/bxcodec/go-clean-arch/cat/delivery/http/cat_delivery.go:24.63,32.2 5 0
github.com/bxcodec/go-clean-arch/cat/delivery/http/cat_delivery.go:34.50,37.16 3 1
github.com/bxcodec/go-clean-arch/cat/delivery/http/cat_delivery.go:40.2,40.18 1 1
github.com/bxcodec/go-clean-arch/cat/delivery/http/cat_delivery.go:37.16,39.3 1 0
github.com/bxcodec/go-clean-arch/cat/delivery/http/cat_delivery.go:43.52,52.16 5 1
github.com/bxcodec/go-clean-arch/cat/delivery/http/cat_delivery.go:56.2,56.41 1 1
github.com/bxcodec/go-clean-arch/cat/delivery/http/cat_delivery.go:60.2,61.16 2 1
github.com/bxcodec/go-clean-arch/cat/delivery/http/cat_delivery.go:65.2,67.16 3 1
github.com/bxcodec/go-clean-arch/cat/delivery/http/cat_delivery.go:71.2,71.38 1 1
github.com/bxcodec/go-clean-arch/cat/delivery/http/cat_delivery.go:52.16,54.3 1 0
github.com/bxcodec/go-clean-arch/cat/delivery/http/cat_delivery.go:56.41,58.3 1 0
github.com/bxcodec/go-clean-arch/cat/delivery/http/cat_delivery.go:61.16,63.3 1 0
github.com/bxcodec/go-clean-arch/cat/delivery/http/cat_delivery.go:67.16,69.3 1 1
github.com/bxcodec/go-clean-arch/cat/delivery/http/cat_delivery.go:74.53,79.16 3 1
github.com/bxcodec/go-clean-arch/cat/delivery/http/cat_delivery.go:83.2,84.16 2 1
github.com/bxcodec/go-clean-arch/cat/delivery/http/cat_delivery.go:88.2,88.38 1 1
github.com/bxcodec/go-clean-arch/cat/delivery/http/cat_delivery.go:79.16,81.3 1 0
github.com/bxcodec/go-clean-arch/cat/delivery/http/cat_delivery.go:84.16,86.3 1 1
github.com/bxcodec/go-clean-arch/cat/delivery/http/cat_delivery.go:91.53,109.16 4 1
github.com/bxcodec/go-clean-arch/cat/delivery/http/cat_delivery.go:113.2,114.16 2 1
github.com/bxcodec/go-clean-arch/cat/delivery/http/cat_delivery.go:118.2,121.16 3 1
github.com/bxcodec/go-clean-arch/cat/delivery/http/cat_delivery.go:125.2,126.16 2 1
github.com/bxcodec/go-clean-arch/cat/delivery/http/cat_delivery.go:130.2,140.38 2 1
github.com/bxcodec/go-clean-arch/cat/delivery/http/cat_delivery.go:109.16,111.3 1 1
github.com/bxcodec/go-clean-arch/cat/delivery/http/cat_delivery.go:114.16,116.3 1 1
github.com/bxcodec/go-clean-arch/cat/delivery/http/cat_delivery.go:121.16,123.3 1 0
github.com/bxcodec/go-clean-arch/cat/delivery/http/cat_delivery.go:126.16,128.3 1 1
github.com/bxcodec/go-clean-arch/cat/delivery/http/cat_delivery.go:143.53,153.16 4 1
github.com/bxcodec/go-clean-arch/cat/delivery/http/cat_delivery.go:157.2,158.16 2 1
github.com/bxcodec/go-clean-arch/cat/delivery/http/cat_delivery.go:162.2,163.16 2 1
github.com/bxcodec/go-clean-arch/cat/delivery/http/cat_delivery.go:167.2,167.38 1 1
github.com/bxcodec/go-clean-arch/cat/delivery/http/cat_delivery.go:153.16,155.3 1 0
github.com/bxcodec/go-clean-arch/cat/delivery/http/cat_delivery.go:158.16,160.3 1 0
github.com/bxcodec/go-clean-arch/cat/delivery/http/cat_delivery.go:163.16,165.3 1 1
github.com/bxcodec/go-clean-arch/user/delivery/http/user_delivery.go:24.58,32.2 5 0
github.com/bxcodec/go-clean-arch/user/delivery/http/user_delivery.go:34.51,37.16 3 1
github.com/bxcodec/go-clean-arch/user/delivery/http/user_delivery.go:40.2,40.18 1 1
github.com/bxcodec/go-clean-arch/user/delivery/http/user_delivery.go:37.16,39.3 1 0
github.com/bxcodec/go-clean-arch/user/delivery/http/user_delivery.go:43.54,50.16 3 1
github.com/bxcodec/go-clean-arch/user/delivery/http/user_delivery.go:54.2,55.41 2 1
github.com/bxcodec/go-clean-arch/user/delivery/http/user_delivery.go:59.2,60.16 2 1
github.com/bxcodec/go-clean-arch/user/delivery/http/user_delivery.go:64.2,65.16 2 1
github.com/bxcodec/go-clean-arch/user/delivery/http/user_delivery.go:69.2,69.38 1 1
github.com/bxcodec/go-clean-arch/user/delivery/http/user_delivery.go:50.16,52.3 1 0
github.com/bxcodec/go-clean-arch/user/delivery/http/user_delivery.go:55.41,57.3 1 0
github.com/bxcodec/go-clean-arch/user/delivery/http/user_delivery.go:60.16,62.3 1 0
github.com/bxcodec/go-clean-arch/user/delivery/http/user_delivery.go:65.16,67.3 1 1
github.com/bxcodec/go-clean-arch/user/delivery/http/user_delivery.go:72.55,77.16 3 1
github.com/bxcodec/go-clean-arch/user/delivery/http/user_delivery.go:81.2,82.16 2 1
github.com/bxcodec/go-clean-arch/user/delivery/http/user_delivery.go:86.2,86.38 1 1
github.com/bxcodec/go-clean-arch/user/delivery/http/user_delivery.go:77.16,79.3 1 0
github.com/bxcodec/go-clean-arch/user/delivery/http/user_delivery.go:82.16,84.3 1 1
github.com/bxcodec/go-clean-arch/user/delivery/http/user_delivery.go:89.55,107.16 4 1
github.com/bxcodec/go-clean-arch/user/delivery/http/user_delivery.go:111.2,112.16 2 1
github.com/bxcodec/go-clean-arch/user/delivery/http/user_delivery.go:116.2,119.16 3 1
github.com/bxcodec/go-clean-arch/user/delivery/http/user_delivery.go:123.2,124.16 2 1
github.com/bxcodec/go-clean-arch/user/delivery/http/user_delivery.go:128.2,138.38 2 1
github.com/bxcodec/go-clean-arch/user/delivery/http/user_delivery.go:107.16,109.3 1 1
github.com/bxcodec/go-clean-arch/user/delivery/http/user_delivery.go:112.16,114.3 1 1
github.com/bxcodec/go-clean-arch/user/delivery/http/user_delivery.go:119.16,121.3 1 0
github.com/bxcodec/go-clean-arch/user/delivery/http/user_delivery.go:124.16,126.3 1 1
github.com/bxcodec/go-clean-arch/user/delivery/http/user_delivery.go:141.55,151.16 4 1
github.com/bxcodec/go-clean-arch/user/delivery/http/user_delivery.go:155.2,156.16 2 1
github.com/bxcodec/go-clean-arch/user/delivery/http/user_delivery.go:160.2,161.16 2 1
github.com/bxcodec/go-clean-arch/user/delivery/http/user_delivery.go:165.2,165.38 1 1
github.com/bxcodec/go-clean-arch/user/delivery/http/user_delivery.go:151.16,153.3 1 0
github.com/bxcodec/go-clean-arch/user/delivery/http/user_delivery.go:156.16,158.3 1 0
github.com/bxcodec/go-clean-arch/user/delivery/http/user_delivery.go:161.16,163.3 1 1
github.com/bxcodec/go-clean-arch/login/delivery/http/login_delivery.go:22.81,29.2 3 0
github.com/bxcodec/go-clean-arch/login/delivery/http/login_delivery.go:31.52,34.16 3 1
github.com/bxcodec/go-clean-arch/login/delivery/http/login_delivery.go:37.2,37.18 1 1
github.com/bxcodec/go-clean-arch/login/delivery/http/login_delivery.go:34.16,36.3 1 0
github.com/bxcodec/go-clean-arch/login/delivery/http/login_delivery.go:40.64,49.16 3 1
github.com/bxcodec/go-clean-arch/login/delivery/http/login_delivery.go:53.2,53.51 1 1
github.com/bxcodec/go-clean-arch/login/delivery/http/login_delivery.go:57.2,58.16 2 1
github.com/bxcodec/go-clean-arch/login/delivery/http/login_delivery.go:62.2,63.16 2 1
github.com/bxcodec/go-clean-arch/login/delivery/http/login_delivery.go:67.2,68.16 2 1
github.com/bxcodec/go-clean-arch/login/delivery/http/login_delivery.go:72.2,74.16 3 1
github.com/bxcodec/go-clean-arch/login/delivery/http/login_delivery.go:78.2,81.4 1 1
github.com/bxcodec/go-clean-arch/login/delivery/http/login_delivery.go:49.16,51.3 1 0
github.com/bxcodec/go-clean-arch/login/delivery/http/login_delivery.go:53.51,55.3 1 0
github.com/bxcodec/go-clean-arch/login/delivery/http/login_delivery.go:58.16,60.3 1 0
github.com/bxcodec/go-clean-arch/login/delivery/http/login_delivery.go:63.16,65.3 1 1
github.com/bxcodec/go-clean-arch/login/delivery/http/login_delivery.go:68.16,70.3 1 1
github.com/bxcodec/go-clean-arch/login/delivery/http/login_delivery.go:74.16,76.3 1 0
github.com/bxcodec/go-clean-arch/login/delivery/http/login_delivery.go:85.65,94.16 3 1
github.com/bxcodec/go-clean-arch/login/delivery/http/login_delivery.go:98.2,98.51 1 1
github.com/bxcodec/go-clean-arch/login/delivery/http/login_delivery.go:102.2,103.16 2 1
github.com/bxcodec/go-clean-arch/login/delivery/http/login_delivery.go:107.2,109.86 2 1
github.com/bxcodec/go-clean-arch/login/delivery/http/login_delivery.go:128.2,128.82 1 1
github.com/bxcodec/go-clean-arch/login/delivery/http/login_delivery.go:94.16,96.3 1 0
github.com/bxcodec/go-clean-arch/login/delivery/http/login_delivery.go:98.51,100.3 1 0
github.com/bxcodec/go-clean-arch/login/delivery/http/login_delivery.go:103.16,105.3 1 0
github.com/bxcodec/go-clean-arch/login/delivery/http/login_delivery.go:109.86,112.17 2 1
github.com/bxcodec/go-clean-arch/login/delivery/http/login_delivery.go:116.3,118.17 3 1
github.com/bxcodec/go-clean-arch/login/delivery/http/login_delivery.go:122.3,125.5 1 1
github.com/bxcodec/go-clean-arch/login/delivery/http/login_delivery.go:112.17,114.4 1 1
github.com/bxcodec/go-clean-arch/login/delivery/http/login_delivery.go:118.17,120.4 1 0
github.com/bxcodec/go-clean-arch/login/delivery/http/login_delivery.go:131.96,147.22 5 1
github.com/bxcodec/go-clean-arch/login/delivery/http/login_delivery.go:167.2,169.16 3 1
github.com/bxcodec/go-clean-arch/login/delivery/http/login_delivery.go:173.2,173.19 1 1
github.com/bxcodec/go-clean-arch/login/delivery/http/login_delivery.go:147.22,156.3 1 1
github.com/bxcodec/go-clean-arch/login/delivery/http/login_delivery.go:156.8,165.3 1 1
github.com/bxcodec/go-clean-arch/login/delivery/http/login_delivery.go:169.16,171.3 1 0
